<?xml version="1.0" encoding="UTF-8"?>
<!-- Generated by org.testng.reporters.JUnitReportReporter -->
<testsuite hostname="lixionggang-PC" name="cn.crazy.appium.testcases.ZhihuLoginTest" tests="2" failures="0" timestamp="20 Dec 2015 06:31:15 GMT" time="51.262" errors="0">
  <testcase name="article" time="27.825" classname="cn.crazy.appium.testcases.ZhihuLoginTest"/>
  <testcase name="login" time="23.437" classname="cn.crazy.appium.testcases.ZhihuLoginTest"/>
</testsuite> <!-- cn.crazy.appium.testcases.ZhihuLoginTest -->
