<?xml version="1.0" encoding="UTF-8" ?>
<testsuite tests="1" failures="1" name="TestSuite" time="11.179" errors="0" skipped="0">
  <properties>
    <property name="java.runtime.name" value="Java(TM) SE Runtime Environment"/>
    <property name="sun.boot.library.path" value="C:\Program Files\Java\jdk1.8.0_40\jre\bin"/>
    <property name="java.vm.version" value="25.40-b05"/>
    <property name="java.vm.vendor" value="Oracle Corporation"/>
    <property name="maven.multiModuleProjectDirectory" value="E:\gloryroadwork\CrazyAppium"/>
    <property name="java.vendor.url" value="http://java.oracle.com/"/>
    <property name="path.separator" value=";"/>
    <property name="guice.disable.misplaced.annotation.check" value="true"/>
    <property name="java.vm.name" value="Java HotSpot(TM) 64-Bit Server VM"/>
    <property name="file.encoding.pkg" value="sun.io"/>
    <property name="user.script" value=""/>
    <property name="user.country" value="CN"/>
    <property name="sun.java.launcher" value="SUN_STANDARD"/>
    <property name="sun.os.patch.level" value=""/>
    <property name="java.vm.specification.name" value="Java Virtual Machine Specification"/>
    <property name="user.dir" value="E:\gloryroadwork\CrazyAppium"/>
    <property name="java.runtime.version" value="1.8.0_40-ea-b02"/>
    <property name="java.awt.graphicsenv" value="sun.awt.Win32GraphicsEnvironment"/>
    <property name="java.endorsed.dirs" value="C:\Program Files\Java\jdk1.8.0_40\jre\lib\endorsed"/>
    <property name="os.arch" value="amd64"/>
    <property name="java.io.tmpdir" value="C:\Users\LIXION~1\AppData\Local\Temp\"/>
    <property name="line.separator" value="
"/>
    <property name="java.vm.specification.vendor" value="Oracle Corporation"/>
    <property name="user.variant" value=""/>
    <property name="os.name" value="Windows 7"/>
    <property name="classworlds.conf" value="C:\apache-maven-3.3.9-bin\apache-maven-3.3.9\bin\..\bin\m2.conf"/>
    <property name="sun.jnu.encoding" value="GBK"/>
    <property name="java.library.path" value="C:\Program Files\Java\jdk1.8.0_40\bin;C:\Windows\Sun\Java\bin;C:\Windows\system32;C:\Windows;C:\Program Files\nodejs\;C:\Windows\system32;C:\strawberry\c\bin;C:\strawberry\perl\bin;C:\Program Files\VisualSVN Server\bin;C:\Program Files\Java\jdk1.8.0_40\bin;C:\Program Files\Java\jdk1.8.0_40\jre\bin;E:\adt-bundle-windows-x86_64-20140321\sdk\platform-tools;E:\adt-bundle-windows-x86_64-20140321\sdk\tools;C:\Python27;C:\Program Files (x86)\Appium\node_modules\.bin;C:\Python27\Scripts;C:\Users\lixionggang\AppData\Roaming\npm;C:\apache-maven-3.3.9-bin\apache-maven-3.3.9\bin;D:\eclipse-jee-kepler-SR2-win32-x86_64\eclipse\plugins\org.apache.ant_1.8.4.v201303080030\bin;;."/>
    <property name="java.specification.name" value="Java Platform API Specification"/>
    <property name="java.class.version" value="52.0"/>
    <property name="sun.management.compiler" value="HotSpot 64-Bit Tiered Compilers"/>
    <property name="os.version" value="6.1"/>
    <property name="user.home" value="C:\Users\lixionggang"/>
    <property name="user.timezone" value="Asia/Shanghai"/>
    <property name="java.awt.printerjob" value="sun.awt.windows.WPrinterJob"/>
    <property name="java.specification.version" value="1.8"/>
    <property name="file.encoding" value="GBK"/>
    <property name="user.name" value="lixionggang"/>
    <property name="java.class.path" value="C:\apache-maven-3.3.9-bin\apache-maven-3.3.9\bin\..\boot\plexus-classworlds-2.5.2.jar"/>
    <property name="java.vm.specification.version" value="1.8"/>
    <property name="sun.arch.data.model" value="64"/>
    <property name="java.home" value="C:\Program Files\Java\jdk1.8.0_40\jre"/>
    <property name="sun.java.command" value="org.codehaus.plexus.classworlds.launcher.Launcher test"/>
    <property name="java.specification.vendor" value="Oracle Corporation"/>
    <property name="user.language" value="zh"/>
    <property name="awt.toolkit" value="sun.awt.windows.WToolkit"/>
    <property name="java.vm.info" value="mixed mode"/>
    <property name="java.version" value="1.8.0_40-ea"/>
    <property name="java.ext.dirs" value="C:\Program Files\Java\jdk1.8.0_40\jre\lib\ext;C:\Windows\Sun\Java\lib\ext"/>
    <property name="sun.boot.class.path" value="C:\Program Files\Java\jdk1.8.0_40\jre\lib\resources.jar;C:\Program Files\Java\jdk1.8.0_40\jre\lib\rt.jar;C:\Program Files\Java\jdk1.8.0_40\jre\lib\sunrsasign.jar;C:\Program Files\Java\jdk1.8.0_40\jre\lib\jsse.jar;C:\Program Files\Java\jdk1.8.0_40\jre\lib\jce.jar;C:\Program Files\Java\jdk1.8.0_40\jre\lib\charsets.jar;C:\Program Files\Java\jdk1.8.0_40\jre\lib\jfr.jar;C:\Program Files\Java\jdk1.8.0_40\jre\classes"/>
    <property name="java.vendor" value="Oracle Corporation"/>
    <property name="maven.home" value="C:\apache-maven-3.3.9-bin\apache-maven-3.3.9\bin\.."/>
    <property name="file.separator" value="\"/>
    <property name="java.vendor.url.bug" value="http://bugreport.sun.com/bugreport/"/>
    <property name="sun.cpu.endian" value="little"/>
    <property name="sun.io.unicode.encoding" value="UnicodeLittle"/>
    <property name="sun.desktop" value="windows"/>
    <property name="sun.cpu.isalist" value="amd64"/>
  </properties>
  <testcase classname="cn.crazy.appium.testcases.LxgTest" name="signTest" time="11.179">
    <failure message="expected [true] but found [&lt;?xml version=&quot;1.0&quot; encoding=&quot;UTF-8&quot;?&gt;&lt;hierarchy rotation=&quot;0&quot;&gt;&lt;android.widget.FrameLayout index=&quot;0&quot; text=&quot;&quot; class=&quot;android.widget.FrameLayout&quot; package=&quot;com.example.lxg&quot; content-desc=&quot;&quot; checkable=&quot;false&quot; checked=&quot;false&quot; clickable=&quot;false&quot; enabled=&quot;true&quot; focusable=&quot;false&quot; focused=&quot;false&quot; scrollable=&quot;false&quot; long-clickable=&quot;false&quot; password=&quot;false&quot; selected=&quot;false&quot; bounds=&quot;[27,705][1053,1289]&quot; resource-id=&quot;&quot; instance=&quot;0&quot;&gt;&lt;android.widget.FrameLayout index=&quot;0&quot; text=&quot;&quot; class=&quot;android.widget.FrameLayout&quot; package=&quot;com.example.lxg&quot; content-desc=&quot;&quot; checkable=&quot;false&quot; checked=&quot;false&quot; clickable=&quot;false&quot; enabled=&quot;true&quot; focusable=&quot;false&quot; focused=&quot;false&quot; scrollable=&quot;false&quot; long-clickable=&quot;false&quot; password=&quot;false&quot; selected=&quot;false&quot; bounds=&quot;[27,705][1053,1289]&quot; resource-id=&quot;&quot; instance=&quot;1&quot;&gt;&lt;android.widget.FrameLayout index=&quot;0&quot; text=&quot;&quot; class=&quot;android.widget.FrameLayout&quot; package=&quot;com.example.lxg&quot; content-desc=&quot;&quot; checkable=&quot;false&quot; checked=&quot;false&quot; clickable=&quot;false&quot; enabled=&quot;true&quot; focusable=&quot;false&quot; focused=&quot;false&quot; scrollable=&quot;false&quot; long-clickable=&quot;false&quot; password=&quot;false&quot; selected=&quot;false&quot; bounds=&quot;[27,705][1053,1289]&quot; resource-id=&quot;android:id/content&quot; instance=&quot;2&quot;&gt;&lt;android.widget.LinearLayout index=&quot;0&quot; text=&quot;&quot; class=&quot;android.widget.LinearLayout&quot; package=&quot;com.example.lxg&quot; content-desc=&quot;&quot; checkable=&quot;false&quot; checked=&quot;false&quot; clickable=&quot;false&quot; enabled=&quot;true&quot; focusable=&quot;false&quot; focused=&quot;false&quot; scrollable=&quot;false&quot; long-clickable=&quot;false&quot; password=&quot;false&quot; selected=&quot;false&quot; bounds=&quot;[51,705][1029,1289]&quot; resource-id=&quot;android:id/parentPanel&quot; instance=&quot;0&quot;&gt;&lt;android.widget.LinearLayout index=&quot;0&quot; text=&quot;&quot; class=&quot;android.widget.LinearLayout&quot; package=&quot;com.example.lxg&quot; content-desc=&quot;&quot; checkable=&quot;false&quot; checked=&quot;false&quot; clickable=&quot;false&quot; enabled=&quot;true&quot; focusable=&quot;false&quot; focused=&quot;false&quot; scrollable=&quot;false&quot; long-clickable=&quot;false&quot; password=&quot;false&quot; selected=&quot;false&quot; bounds=&quot;[51,705][1029,927]&quot; resource-id=&quot;android:id/topPanel&quot; instance=&quot;1&quot;&gt;&lt;android.widget.LinearLayout index=&quot;0&quot; text=&quot;&quot; class=&quot;android.widget.LinearLayout&quot; package=&quot;com.example.lxg&quot; content-desc=&quot;&quot; checkable=&quot;false&quot; checked=&quot;false&quot; clickable=&quot;false&quot; enabled=&quot;true&quot; focusable=&quot;false&quot; focused=&quot;false&quot; scrollable=&quot;false&quot; long-clickable=&quot;false&quot; password=&quot;false&quot; selected=&quot;false&quot; bounds=&quot;[123,729][957,921]&quot; resource-id=&quot;android:id/title_template&quot; instance=&quot;2&quot;&gt;&lt;android.widget.TextView index=&quot;0&quot; text=&quot;����&quot; class=&quot;android.widget.TextView&quot; package=&quot;com.example.lxg&quot; content-desc=&quot;&quot; checkable=&quot;false&quot; checked=&quot;false&quot; clickable=&quot;false&quot; enabled=&quot;true&quot; focusable=&quot;false&quot; focused=&quot;false&quot; scrollable=&quot;false&quot; long-clickable=&quot;false&quot; password=&quot;false&quot; selected=&quot;false&quot; bounds=&quot;[123,781][957,869]&quot; resource-id=&quot;android:id/alertTitle&quot; instance=&quot;0&quot;/&gt;&lt;/android.widget.LinearLayout&gt;&lt;android.view.View index=&quot;1&quot; text=&quot;&quot; class=&quot;android.view.View&quot; package=&quot;com.example.lxg&quot; content-desc=&quot;&quot; checkable=&quot;false&quot; checked=&quot;false&quot; clickable=&quot;false&quot; enabled=&quot;true&quot; focusable=&quot;false&quot; focused=&quot;false&quot; scrollable=&quot;false&quot; long-clickable=&quot;false&quot; password=&quot;false&quot; selected=&quot;false&quot; bounds=&quot;[75,921][1005,927]&quot; resource-id=&quot;android:id/titleDivider&quot; instance=&quot;0&quot;/&gt;&lt;/android.widget.LinearLayout&gt;&lt;android.widget.LinearLayout index=&quot;1&quot; text=&quot;&quot; class=&quot;android.widget.LinearLayout&quot; package=&quot;com.example.lxg&quot; content-desc=&quot;&quot; checkable=&quot;false&quot; checked=&quot;false&quot; clickable=&quot;false&quot; enabled=&quot;true&quot; focusable=&quot;false&quot; focused=&quot;false&quot; scrollable=&quot;false&quot; long-clickable=&quot;false&quot; password=&quot;false&quot; selected=&quot;false&quot; bounds=&quot;[51,927][1029,1119]&quot; resource-id=&quot;android:id/contentPanel&quot; instance=&quot;3&quot;&gt;&lt;android.widget.ScrollView index=&quot;0&quot; text=&quot;&quot; class=&quot;android.widget.ScrollView&quot; package=&quot;com.example.lxg&quot; content-desc=&quot;&quot; checkable=&quot;false&quot; checked=&quot;false&quot; clickable=&quot;false&quot; enabled=&quot;true&quot; focusable=&quot;false&quot; focused=&quot;false&quot; scrollable=&quot;false&quot; long-clickable=&quot;false&quot; password=&quot;false&quot; selected=&quot;false&quot; bounds=&quot;[75,927][1005,1048]&quot; resource-id=&quot;android:id/scrollView&quot; instance=&quot;0&quot;&gt;&lt;android.widget.TextView index=&quot;0&quot; text=&quot;ǩ���ɹ�&quot; class=&quot;android.widget.TextView&quot; package=&quot;com.example.lxg&quot; content-desc=&quot;&quot; checkable=&quot;false&quot; checked=&quot;false&quot; clickable=&quot;false&quot; enabled=&quot;true&quot; focusable=&quot;false&quot; focused=&quot;false&quot; scrollable=&quot;false&quot; long-clickable=&quot;false&quot; password=&quot;false&quot; selected=&quot;false&quot; bounds=&quot;[75,927][1005,1048]&quot; resource-id=&quot;android:id/message&quot; instance=&quot;1&quot;/&gt;&lt;/android.widget.ScrollView&gt;&lt;/android.widget.LinearLayout&gt;&lt;android.widget.LinearLayout index=&quot;2&quot; text=&quot;&quot; class=&quot;android.widget.LinearLayout&quot; package=&quot;com.example.lxg&quot; content-desc=&quot;&quot; checkable=&quot;false&quot; checked=&quot;false&quot; clickable=&quot;false&quot; enabled=&quot;true&quot; focusable=&quot;false&quot; focused=&quot;false&quot; scrollable=&quot;false&quot; long-clickable=&quot;false&quot; password=&quot;false&quot; selected=&quot;false&quot; bounds=&quot;[51,1119][1029,1289]&quot; resource-id=&quot;android:id/buttonPanel&quot; instance=&quot;4&quot;&gt;&lt;android.widget.LinearLayout index=&quot;0&quot; text=&quot;&quot; class=&quot;android.widget.LinearLayout&quot; package=&quot;com.example.lxg&quot; content-desc=&quot;&quot; checkable=&quot;false&quot; checked=&quot;false&quot; clickable=&quot;false&quot; enabled=&quot;true&quot; focusable=&quot;false&quot; focused=&quot;false&quot; scrollable=&quot;false&quot; long-clickable=&quot;false&quot; password=&quot;false&quot; selected=&quot;false&quot; bounds=&quot;[75,1121][1005,1265]&quot; resource-id=&quot;&quot; instance=&quot;5&quot;&gt;&lt;android.widget.Button index=&quot;0&quot; text=&quot;ȷ��&quot; class=&quot;android.widget.Button&quot; package=&quot;com.example.lxg&quot; content-desc=&quot;&quot; checkable=&quot;false&quot; checked=&quot;false&quot; clickable=&quot;true&quot; enabled=&quot;true&quot; focusable=&quot;true&quot; focused=&quot;false&quot; scrollable=&quot;false&quot; long-clickable=&quot;false&quot; password=&quot;false&quot; selected=&quot;false&quot; bounds=&quot;[75,1121][1005,1265]&quot; resource-id=&quot;android:id/button1&quot; instance=&quot;0&quot;/&gt;&lt;/android.widget.LinearLayout&gt;&lt;/android.widget.LinearLayout&gt;&lt;/android.widget.LinearLayout&gt;&lt;/android.widget.FrameLayout&gt;&lt;/android.widget.FrameLayout&gt;&lt;/android.widget.FrameLayout&gt;&lt;/hierarchy&gt;签到成功]" type="java.lang.AssertionError">java.lang.AssertionError: expected [true] but found [&lt;?xml version=&quot;1.0&quot; encoding=&quot;UTF-8&quot;?&gt;&lt;hierarchy rotation=&quot;0&quot;&gt;&lt;android.widget.FrameLayout index=&quot;0&quot; text=&quot;&quot; class=&quot;android.widget.FrameLayout&quot; package=&quot;com.example.lxg&quot; content-desc=&quot;&quot; checkable=&quot;false&quot; checked=&quot;false&quot; clickable=&quot;false&quot; enabled=&quot;true&quot; focusable=&quot;false&quot; focused=&quot;false&quot; scrollable=&quot;false&quot; long-clickable=&quot;false&quot; password=&quot;false&quot; selected=&quot;false&quot; bounds=&quot;[27,705][1053,1289]&quot; resource-id=&quot;&quot; instance=&quot;0&quot;&gt;&lt;android.widget.FrameLayout index=&quot;0&quot; text=&quot;&quot; class=&quot;android.widget.FrameLayout&quot; package=&quot;com.example.lxg&quot; content-desc=&quot;&quot; checkable=&quot;false&quot; checked=&quot;false&quot; clickable=&quot;false&quot; enabled=&quot;true&quot; focusable=&quot;false&quot; focused=&quot;false&quot; scrollable=&quot;false&quot; long-clickable=&quot;false&quot; password=&quot;false&quot; selected=&quot;false&quot; bounds=&quot;[27,705][1053,1289]&quot; resource-id=&quot;&quot; instance=&quot;1&quot;&gt;&lt;android.widget.FrameLayout index=&quot;0&quot; text=&quot;&quot; class=&quot;android.widget.FrameLayout&quot; package=&quot;com.example.lxg&quot; content-desc=&quot;&quot; checkable=&quot;false&quot; checked=&quot;false&quot; clickable=&quot;false&quot; enabled=&quot;true&quot; focusable=&quot;false&quot; focused=&quot;false&quot; scrollable=&quot;false&quot; long-clickable=&quot;false&quot; password=&quot;false&quot; selected=&quot;false&quot; bounds=&quot;[27,705][1053,1289]&quot; resource-id=&quot;android:id/content&quot; instance=&quot;2&quot;&gt;&lt;android.widget.LinearLayout index=&quot;0&quot; text=&quot;&quot; class=&quot;android.widget.LinearLayout&quot; package=&quot;com.example.lxg&quot; content-desc=&quot;&quot; checkable=&quot;false&quot; checked=&quot;false&quot; clickable=&quot;false&quot; enabled=&quot;true&quot; focusable=&quot;false&quot; focused=&quot;false&quot; scrollable=&quot;false&quot; long-clickable=&quot;false&quot; password=&quot;false&quot; selected=&quot;false&quot; bounds=&quot;[51,705][1029,1289]&quot; resource-id=&quot;android:id/parentPanel&quot; instance=&quot;0&quot;&gt;&lt;android.widget.LinearLayout index=&quot;0&quot; text=&quot;&quot; class=&quot;android.widget.LinearLayout&quot; package=&quot;com.example.lxg&quot; content-desc=&quot;&quot; checkable=&quot;false&quot; checked=&quot;false&quot; clickable=&quot;false&quot; enabled=&quot;true&quot; focusable=&quot;false&quot; focused=&quot;false&quot; scrollable=&quot;false&quot; long-clickable=&quot;false&quot; password=&quot;false&quot; selected=&quot;false&quot; bounds=&quot;[51,705][1029,927]&quot; resource-id=&quot;android:id/topPanel&quot; instance=&quot;1&quot;&gt;&lt;android.widget.LinearLayout index=&quot;0&quot; text=&quot;&quot; class=&quot;android.widget.LinearLayout&quot; package=&quot;com.example.lxg&quot; content-desc=&quot;&quot; checkable=&quot;false&quot; checked=&quot;false&quot; clickable=&quot;false&quot; enabled=&quot;true&quot; focusable=&quot;false&quot; focused=&quot;false&quot; scrollable=&quot;false&quot; long-clickable=&quot;false&quot; password=&quot;false&quot; selected=&quot;false&quot; bounds=&quot;[123,729][957,921]&quot; resource-id=&quot;android:id/title_template&quot; instance=&quot;2&quot;&gt;&lt;android.widget.TextView index=&quot;0&quot; text=&quot;����&quot; class=&quot;android.widget.TextView&quot; package=&quot;com.example.lxg&quot; content-desc=&quot;&quot; checkable=&quot;false&quot; checked=&quot;false&quot; clickable=&quot;false&quot; enabled=&quot;true&quot; focusable=&quot;false&quot; focused=&quot;false&quot; scrollable=&quot;false&quot; long-clickable=&quot;false&quot; password=&quot;false&quot; selected=&quot;false&quot; bounds=&quot;[123,781][957,869]&quot; resource-id=&quot;android:id/alertTitle&quot; instance=&quot;0&quot;/&gt;&lt;/android.widget.LinearLayout&gt;&lt;android.view.View index=&quot;1&quot; text=&quot;&quot; class=&quot;android.view.View&quot; package=&quot;com.example.lxg&quot; content-desc=&quot;&quot; checkable=&quot;false&quot; checked=&quot;false&quot; clickable=&quot;false&quot; enabled=&quot;true&quot; focusable=&quot;false&quot; focused=&quot;false&quot; scrollable=&quot;false&quot; long-clickable=&quot;false&quot; password=&quot;false&quot; selected=&quot;false&quot; bounds=&quot;[75,921][1005,927]&quot; resource-id=&quot;android:id/titleDivider&quot; instance=&quot;0&quot;/&gt;&lt;/android.widget.LinearLayout&gt;&lt;android.widget.LinearLayout index=&quot;1&quot; text=&quot;&quot; class=&quot;android.widget.LinearLayout&quot; package=&quot;com.example.lxg&quot; content-desc=&quot;&quot; checkable=&quot;false&quot; checked=&quot;false&quot; clickable=&quot;false&quot; enabled=&quot;true&quot; focusable=&quot;false&quot; focused=&quot;false&quot; scrollable=&quot;false&quot; long-clickable=&quot;false&quot; password=&quot;false&quot; selected=&quot;false&quot; bounds=&quot;[51,927][1029,1119]&quot; resource-id=&quot;android:id/contentPanel&quot; instance=&quot;3&quot;&gt;&lt;android.widget.ScrollView index=&quot;0&quot; text=&quot;&quot; class=&quot;android.widget.ScrollView&quot; package=&quot;com.example.lxg&quot; content-desc=&quot;&quot; checkable=&quot;false&quot; checked=&quot;false&quot; clickable=&quot;false&quot; enabled=&quot;true&quot; focusable=&quot;false&quot; focused=&quot;false&quot; scrollable=&quot;false&quot; long-clickable=&quot;false&quot; password=&quot;false&quot; selected=&quot;false&quot; bounds=&quot;[75,927][1005,1048]&quot; resource-id=&quot;android:id/scrollView&quot; instance=&quot;0&quot;&gt;&lt;android.widget.TextView index=&quot;0&quot; text=&quot;ǩ���ɹ�&quot; class=&quot;android.widget.TextView&quot; package=&quot;com.example.lxg&quot; content-desc=&quot;&quot; checkable=&quot;false&quot; checked=&quot;false&quot; clickable=&quot;false&quot; enabled=&quot;true&quot; focusable=&quot;false&quot; focused=&quot;false&quot; scrollable=&quot;false&quot; long-clickable=&quot;false&quot; password=&quot;false&quot; selected=&quot;false&quot; bounds=&quot;[75,927][1005,1048]&quot; resource-id=&quot;android:id/message&quot; instance=&quot;1&quot;/&gt;&lt;/android.widget.ScrollView&gt;&lt;/android.widget.LinearLayout&gt;&lt;android.widget.LinearLayout index=&quot;2&quot; text=&quot;&quot; class=&quot;android.widget.LinearLayout&quot; package=&quot;com.example.lxg&quot; content-desc=&quot;&quot; checkable=&quot;false&quot; checked=&quot;false&quot; clickable=&quot;false&quot; enabled=&quot;true&quot; focusable=&quot;false&quot; focused=&quot;false&quot; scrollable=&quot;false&quot; long-clickable=&quot;false&quot; password=&quot;false&quot; selected=&quot;false&quot; bounds=&quot;[51,1119][1029,1289]&quot; resource-id=&quot;android:id/buttonPanel&quot; instance=&quot;4&quot;&gt;&lt;android.widget.LinearLayout index=&quot;0&quot; text=&quot;&quot; class=&quot;android.widget.LinearLayout&quot; package=&quot;com.example.lxg&quot; content-desc=&quot;&quot; checkable=&quot;false&quot; checked=&quot;false&quot; clickable=&quot;false&quot; enabled=&quot;true&quot; focusable=&quot;false&quot; focused=&quot;false&quot; scrollable=&quot;false&quot; long-clickable=&quot;false&quot; password=&quot;false&quot; selected=&quot;false&quot; bounds=&quot;[75,1121][1005,1265]&quot; resource-id=&quot;&quot; instance=&quot;5&quot;&gt;&lt;android.widget.Button index=&quot;0&quot; text=&quot;ȷ��&quot; class=&quot;android.widget.Button&quot; package=&quot;com.example.lxg&quot; content-desc=&quot;&quot; checkable=&quot;false&quot; checked=&quot;false&quot; clickable=&quot;true&quot; enabled=&quot;true&quot; focusable=&quot;true&quot; focused=&quot;false&quot; scrollable=&quot;false&quot; long-clickable=&quot;false&quot; password=&quot;false&quot; selected=&quot;false&quot; bounds=&quot;[75,1121][1005,1265]&quot; resource-id=&quot;android:id/button1&quot; instance=&quot;0&quot;/&gt;&lt;/android.widget.LinearLayout&gt;&lt;/android.widget.LinearLayout&gt;&lt;/android.widget.LinearLayout&gt;&lt;/android.widget.FrameLayout&gt;&lt;/android.widget.FrameLayout&gt;&lt;/android.widget.FrameLayout&gt;&lt;/hierarchy&gt;签到成功]
	at org.testng.Assert.fail(Assert.java:94)
	at org.testng.Assert.failNotEquals(Assert.java:494)
	at org.testng.Assert.assertEquals(Assert.java:123)
	at org.testng.Assert.assertEquals(Assert.java:165)
	at cn.crazy.appium.testcases.LxgTest.signTest(LxgTest.java:18)
</failure>
    <system-out>执行完成
appium -p 4490 -bp 2242 -U 192.168.56.101:5555&gt;E:\gloryroadwork\CrazyAppium\logs\192.168.56.101.log
执行完成
设备数量1
读到的udid是：192.168.56.101:5555读到的port是：4490
adb -s 192.168.56.101:5555 shell &quot;settings get secure default_input_method&quot;
连接192.168.56.101:5555端口4490
执行测试testtest
获取的定位类型：id	 获取的定位表达式com.example.lxg:id/editText1
获取的定位类型：id	 获取的定位表达式com.example.lxg:id/editText2
获取的定位类型：name	 获取的定位表达式签到
</system-out>
  </testcase>
</testsuite>